CRITICAL - 2024-12-12 06:40:14 --> ErrorException: Cannot redeclare App\Controllers\Main::index()
[Method: GET, Route: /]
in APPPATH\Controllers\Main.php on line 14.
 1 [internal function]: CodeIgniter\Debug\Exceptions->shutdownHandler()
CRITICAL - 2024-12-12 06:51:02 --> ErrorException: Undefined variable $hraci
[Method: GET, Route: tabulka]
in APPPATH\Views\tabulka.php on line 18.
 1 APPPATH\Views\tabulka.php(18): CodeIgniter\Debug\Exceptions->errorHandler(2, 'Undefined variable $hraci', 'C:\\laragon\\www\\dvorak\\projektPocasi\\pocasi\\app\\Views\\tabulka.php', 18)
 2 SYSTEMPATH\View\View.php(234): include('C:\\laragon\\www\\dvorak\\projektPocasi\\pocasi\\app\\Views\\tabulka.php')
 3 SYSTEMPATH\View\View.php(237): CodeIgniter\View\View->CodeIgniter\View\{closure}()
 4 SYSTEMPATH\Common.php(1171): CodeIgniter\View\View->render('tabulka', [], true)
 5 APPPATH\Controllers\Main.php(16): view('tabulka')
 6 SYSTEMPATH\CodeIgniter.php(933): App\Controllers\Main->tabulka()
 7 SYSTEMPATH\CodeIgniter.php(509): CodeIgniter\CodeIgniter->runController(Object(App\Controllers\Main))
 8 SYSTEMPATH\CodeIgniter.php(355): CodeIgniter\CodeIgniter->handleRequest(null, Object(Config\Cache), false)
 9 SYSTEMPATH\Boot.php(325): CodeIgniter\CodeIgniter->run()
10 SYSTEMPATH\Boot.php(67): CodeIgniter\Boot::runCodeIgniter(Object(CodeIgniter\CodeIgniter))
11 FCPATH\index.php(56): CodeIgniter\Boot::bootWeb(Object(Config\Paths))
CRITICAL - 2024-12-12 06:53:19 --> ErrorException: Undefined variable $bundesland
[Method: GET, Route: tabulka]
in APPPATH\Views\tabulka.php on line 18.
 1 APPPATH\Views\tabulka.php(18): CodeIgniter\Debug\Exceptions->errorHandler(2, 'Undefined variable $bundesland', 'C:\\laragon\\www\\dvorak\\projektPocasi\\pocasi\\app\\Views\\tabulka.php', 18)
 2 SYSTEMPATH\View\View.php(234): include('C:\\laragon\\www\\dvorak\\projektPocasi\\pocasi\\app\\Views\\tabulka.php')
 3 SYSTEMPATH\View\View.php(237): CodeIgniter\View\View->CodeIgniter\View\{closure}()
 4 SYSTEMPATH\Common.php(1171): CodeIgniter\View\View->render('tabulka', [], true)
 5 APPPATH\Controllers\Main.php(16): view('tabulka')
 6 SYSTEMPATH\CodeIgniter.php(933): App\Controllers\Main->tabulka()
 7 SYSTEMPATH\CodeIgniter.php(509): CodeIgniter\CodeIgniter->runController(Object(App\Controllers\Main))
 8 SYSTEMPATH\CodeIgniter.php(355): CodeIgniter\CodeIgniter->handleRequest(null, Object(Config\Cache), false)
 9 SYSTEMPATH\Boot.php(325): CodeIgniter\CodeIgniter->run()
10 SYSTEMPATH\Boot.php(67): CodeIgniter\Boot::runCodeIgniter(Object(CodeIgniter\CodeIgniter))
11 FCPATH\index.php(56): CodeIgniter\Boot::bootWeb(Object(Config\Paths))
CRITICAL - 2024-12-12 06:53:56 --> ErrorException: Undefined variable $tabulka
[Method: GET, Route: tabulka]
in APPPATH\Views\tabulka.php on line 18.
 1 APPPATH\Views\tabulka.php(18): CodeIgniter\Debug\Exceptions->errorHandler(2, 'Undefined variable $tabulka', 'C:\\laragon\\www\\dvorak\\projektPocasi\\pocasi\\app\\Views\\tabulka.php', 18)
 2 SYSTEMPATH\View\View.php(234): include('C:\\laragon\\www\\dvorak\\projektPocasi\\pocasi\\app\\Views\\tabulka.php')
 3 SYSTEMPATH\View\View.php(237): CodeIgniter\View\View->CodeIgniter\View\{closure}()
 4 SYSTEMPATH\Common.php(1171): CodeIgniter\View\View->render('tabulka', [], true)
 5 APPPATH\Controllers\Main.php(16): view('tabulka')
 6 SYSTEMPATH\CodeIgniter.php(933): App\Controllers\Main->tabulka()
 7 SYSTEMPATH\CodeIgniter.php(509): CodeIgniter\CodeIgniter->runController(Object(App\Controllers\Main))
 8 SYSTEMPATH\CodeIgniter.php(355): CodeIgniter\CodeIgniter->handleRequest(null, Object(Config\Cache), false)
 9 SYSTEMPATH\Boot.php(325): CodeIgniter\CodeIgniter->run()
10 SYSTEMPATH\Boot.php(67): CodeIgniter\Boot::runCodeIgniter(Object(CodeIgniter\CodeIgniter))
11 FCPATH\index.php(56): CodeIgniter\Boot::bootWeb(Object(Config\Paths))
CRITICAL - 2024-12-12 06:56:30 --> ErrorException: Undefined variable $tabulka
[Method: GET, Route: tabulka]
in APPPATH\Views\tabulka.php on line 18.
 1 APPPATH\Views\tabulka.php(18): CodeIgniter\Debug\Exceptions->errorHandler(2, 'Undefined variable $tabulka', 'C:\\laragon\\www\\dvorak\\projektPocasi\\pocasi\\app\\Views\\tabulka.php', 18)
 2 SYSTEMPATH\View\View.php(234): include('C:\\laragon\\www\\dvorak\\projektPocasi\\pocasi\\app\\Views\\tabulka.php')
 3 SYSTEMPATH\View\View.php(237): CodeIgniter\View\View->CodeIgniter\View\{closure}()
 4 SYSTEMPATH\Common.php(1171): CodeIgniter\View\View->render('tabulka', [], true)
 5 APPPATH\Controllers\Main.php(16): view('tabulka')
 6 SYSTEMPATH\CodeIgniter.php(933): App\Controllers\Main->tabulka()
 7 SYSTEMPATH\CodeIgniter.php(509): CodeIgniter\CodeIgniter->runController(Object(App\Controllers\Main))
 8 SYSTEMPATH\CodeIgniter.php(355): CodeIgniter\CodeIgniter->handleRequest(null, Object(Config\Cache), false)
 9 SYSTEMPATH\Boot.php(325): CodeIgniter\CodeIgniter->run()
10 SYSTEMPATH\Boot.php(67): CodeIgniter\Boot::runCodeIgniter(Object(CodeIgniter\CodeIgniter))
11 FCPATH\index.php(56): CodeIgniter\Boot::bootWeb(Object(Config\Paths))
CRITICAL - 2024-12-12 06:56:51 --> ErrorException: Undefined variable $Bundesland
[Method: GET, Route: tabulka]
in APPPATH\Views\tabulka.php on line 18.
 1 APPPATH\Views\tabulka.php(18): CodeIgniter\Debug\Exceptions->errorHandler(2, 'Undefined variable $Bundesland', 'C:\\laragon\\www\\dvorak\\projektPocasi\\pocasi\\app\\Views\\tabulka.php', 18)
 2 SYSTEMPATH\View\View.php(234): include('C:\\laragon\\www\\dvorak\\projektPocasi\\pocasi\\app\\Views\\tabulka.php')
 3 SYSTEMPATH\View\View.php(237): CodeIgniter\View\View->CodeIgniter\View\{closure}()
 4 SYSTEMPATH\Common.php(1171): CodeIgniter\View\View->render('tabulka', [], true)
 5 APPPATH\Controllers\Main.php(16): view('tabulka')
 6 SYSTEMPATH\CodeIgniter.php(933): App\Controllers\Main->tabulka()
 7 SYSTEMPATH\CodeIgniter.php(509): CodeIgniter\CodeIgniter->runController(Object(App\Controllers\Main))
 8 SYSTEMPATH\CodeIgniter.php(355): CodeIgniter\CodeIgniter->handleRequest(null, Object(Config\Cache), false)
 9 SYSTEMPATH\Boot.php(325): CodeIgniter\CodeIgniter->run()
10 SYSTEMPATH\Boot.php(67): CodeIgniter\Boot::runCodeIgniter(Object(CodeIgniter\CodeIgniter))
11 FCPATH\index.php(56): CodeIgniter\Boot::bootWeb(Object(Config\Paths))
CRITICAL - 2024-12-12 06:56:51 --> ErrorException: Undefined variable $Bundesland
[Method: GET, Route: tabulka]
in APPPATH\Views\tabulka.php on line 18.
 1 APPPATH\Views\tabulka.php(18): CodeIgniter\Debug\Exceptions->errorHandler(2, 'Undefined variable $Bundesland', 'C:\\laragon\\www\\dvorak\\projektPocasi\\pocasi\\app\\Views\\tabulka.php', 18)
 2 SYSTEMPATH\View\View.php(234): include('C:\\laragon\\www\\dvorak\\projektPocasi\\pocasi\\app\\Views\\tabulka.php')
 3 SYSTEMPATH\View\View.php(237): CodeIgniter\View\View->CodeIgniter\View\{closure}()
 4 SYSTEMPATH\Common.php(1171): CodeIgniter\View\View->render('tabulka', [], true)
 5 APPPATH\Controllers\Main.php(16): view('tabulka')
 6 SYSTEMPATH\CodeIgniter.php(933): App\Controllers\Main->tabulka()
 7 SYSTEMPATH\CodeIgniter.php(509): CodeIgniter\CodeIgniter->runController(Object(App\Controllers\Main))
 8 SYSTEMPATH\CodeIgniter.php(355): CodeIgniter\CodeIgniter->handleRequest(null, Object(Config\Cache), false)
 9 SYSTEMPATH\Boot.php(325): CodeIgniter\CodeIgniter->run()
10 SYSTEMPATH\Boot.php(67): CodeIgniter\Boot::runCodeIgniter(Object(CodeIgniter\CodeIgniter))
11 FCPATH\index.php(56): CodeIgniter\Boot::bootWeb(Object(Config\Paths))
CRITICAL - 2024-12-12 06:56:52 --> ErrorException: Undefined variable $Bundesland
[Method: GET, Route: tabulka]
in APPPATH\Views\tabulka.php on line 18.
 1 APPPATH\Views\tabulka.php(18): CodeIgniter\Debug\Exceptions->errorHandler(2, 'Undefined variable $Bundesland', 'C:\\laragon\\www\\dvorak\\projektPocasi\\pocasi\\app\\Views\\tabulka.php', 18)
 2 SYSTEMPATH\View\View.php(234): include('C:\\laragon\\www\\dvorak\\projektPocasi\\pocasi\\app\\Views\\tabulka.php')
 3 SYSTEMPATH\View\View.php(237): CodeIgniter\View\View->CodeIgniter\View\{closure}()
 4 SYSTEMPATH\Common.php(1171): CodeIgniter\View\View->render('tabulka', [], true)
 5 APPPATH\Controllers\Main.php(16): view('tabulka')
 6 SYSTEMPATH\CodeIgniter.php(933): App\Controllers\Main->tabulka()
 7 SYSTEMPATH\CodeIgniter.php(509): CodeIgniter\CodeIgniter->runController(Object(App\Controllers\Main))
 8 SYSTEMPATH\CodeIgniter.php(355): CodeIgniter\CodeIgniter->handleRequest(null, Object(Config\Cache), false)
 9 SYSTEMPATH\Boot.php(325): CodeIgniter\CodeIgniter->run()
10 SYSTEMPATH\Boot.php(67): CodeIgniter\Boot::runCodeIgniter(Object(CodeIgniter\CodeIgniter))
11 FCPATH\index.php(56): CodeIgniter\Boot::bootWeb(Object(Config\Paths))
CRITICAL - 2024-12-12 06:56:53 --> ErrorException: Undefined variable $Bundesland
[Method: GET, Route: tabulka]
in APPPATH\Views\tabulka.php on line 18.
 1 APPPATH\Views\tabulka.php(18): CodeIgniter\Debug\Exceptions->errorHandler(2, 'Undefined variable $Bundesland', 'C:\\laragon\\www\\dvorak\\projektPocasi\\pocasi\\app\\Views\\tabulka.php', 18)
 2 SYSTEMPATH\View\View.php(234): include('C:\\laragon\\www\\dvorak\\projektPocasi\\pocasi\\app\\Views\\tabulka.php')
 3 SYSTEMPATH\View\View.php(237): CodeIgniter\View\View->CodeIgniter\View\{closure}()
 4 SYSTEMPATH\Common.php(1171): CodeIgniter\View\View->render('tabulka', [], true)
 5 APPPATH\Controllers\Main.php(16): view('tabulka')
 6 SYSTEMPATH\CodeIgniter.php(933): App\Controllers\Main->tabulka()
 7 SYSTEMPATH\CodeIgniter.php(509): CodeIgniter\CodeIgniter->runController(Object(App\Controllers\Main))
 8 SYSTEMPATH\CodeIgniter.php(355): CodeIgniter\CodeIgniter->handleRequest(null, Object(Config\Cache), false)
 9 SYSTEMPATH\Boot.php(325): CodeIgniter\CodeIgniter->run()
10 SYSTEMPATH\Boot.php(67): CodeIgniter\Boot::runCodeIgniter(Object(CodeIgniter\CodeIgniter))
11 FCPATH\index.php(56): CodeIgniter\Boot::bootWeb(Object(Config\Paths))
CRITICAL - 2024-12-12 06:57:29 --> ErrorException: Undefined variable $Bundesland
[Method: GET, Route: tabulka]
in APPPATH\Views\tabulka.php on line 18.
 1 APPPATH\Views\tabulka.php(18): CodeIgniter\Debug\Exceptions->errorHandler(2, 'Undefined variable $Bundesland', 'C:\\laragon\\www\\dvorak\\projektPocasi\\pocasi\\app\\Views\\tabulka.php', 18)
 2 SYSTEMPATH\View\View.php(234): include('C:\\laragon\\www\\dvorak\\projektPocasi\\pocasi\\app\\Views\\tabulka.php')
 3 SYSTEMPATH\View\View.php(237): CodeIgniter\View\View->CodeIgniter\View\{closure}()
 4 SYSTEMPATH\Common.php(1171): CodeIgniter\View\View->render('tabulka', [], true)
 5 APPPATH\Controllers\Main.php(16): view('tabulka')
 6 SYSTEMPATH\CodeIgniter.php(933): App\Controllers\Main->tabulka()
 7 SYSTEMPATH\CodeIgniter.php(509): CodeIgniter\CodeIgniter->runController(Object(App\Controllers\Main))
 8 SYSTEMPATH\CodeIgniter.php(355): CodeIgniter\CodeIgniter->handleRequest(null, Object(Config\Cache), false)
 9 SYSTEMPATH\Boot.php(325): CodeIgniter\CodeIgniter->run()
10 SYSTEMPATH\Boot.php(67): CodeIgniter\Boot::runCodeIgniter(Object(CodeIgniter\CodeIgniter))
11 FCPATH\index.php(56): CodeIgniter\Boot::bootWeb(Object(Config\Paths))
CRITICAL - 2024-12-12 06:57:30 --> ErrorException: Undefined variable $Bundesland
[Method: GET, Route: tabulka]
in APPPATH\Views\tabulka.php on line 18.
 1 APPPATH\Views\tabulka.php(18): CodeIgniter\Debug\Exceptions->errorHandler(2, 'Undefined variable $Bundesland', 'C:\\laragon\\www\\dvorak\\projektPocasi\\pocasi\\app\\Views\\tabulka.php', 18)
 2 SYSTEMPATH\View\View.php(234): include('C:\\laragon\\www\\dvorak\\projektPocasi\\pocasi\\app\\Views\\tabulka.php')
 3 SYSTEMPATH\View\View.php(237): CodeIgniter\View\View->CodeIgniter\View\{closure}()
 4 SYSTEMPATH\Common.php(1171): CodeIgniter\View\View->render('tabulka', [], true)
 5 APPPATH\Controllers\Main.php(16): view('tabulka')
 6 SYSTEMPATH\CodeIgniter.php(933): App\Controllers\Main->tabulka()
 7 SYSTEMPATH\CodeIgniter.php(509): CodeIgniter\CodeIgniter->runController(Object(App\Controllers\Main))
 8 SYSTEMPATH\CodeIgniter.php(355): CodeIgniter\CodeIgniter->handleRequest(null, Object(Config\Cache), false)
 9 SYSTEMPATH\Boot.php(325): CodeIgniter\CodeIgniter->run()
10 SYSTEMPATH\Boot.php(67): CodeIgniter\Boot::runCodeIgniter(Object(CodeIgniter\CodeIgniter))
11 FCPATH\index.php(56): CodeIgniter\Boot::bootWeb(Object(Config\Paths))
CRITICAL - 2024-12-12 06:57:43 --> ErrorException: Undefined variable $bundesland
[Method: GET, Route: tabulka]
in APPPATH\Views\tabulka.php on line 18.
 1 APPPATH\Views\tabulka.php(18): CodeIgniter\Debug\Exceptions->errorHandler(2, 'Undefined variable $bundesland', 'C:\\laragon\\www\\dvorak\\projektPocasi\\pocasi\\app\\Views\\tabulka.php', 18)
 2 SYSTEMPATH\View\View.php(234): include('C:\\laragon\\www\\dvorak\\projektPocasi\\pocasi\\app\\Views\\tabulka.php')
 3 SYSTEMPATH\View\View.php(237): CodeIgniter\View\View->CodeIgniter\View\{closure}()
 4 SYSTEMPATH\Common.php(1171): CodeIgniter\View\View->render('tabulka', [], true)
 5 APPPATH\Controllers\Main.php(16): view('tabulka')
 6 SYSTEMPATH\CodeIgniter.php(933): App\Controllers\Main->tabulka()
 7 SYSTEMPATH\CodeIgniter.php(509): CodeIgniter\CodeIgniter->runController(Object(App\Controllers\Main))
 8 SYSTEMPATH\CodeIgniter.php(355): CodeIgniter\CodeIgniter->handleRequest(null, Object(Config\Cache), false)
 9 SYSTEMPATH\Boot.php(325): CodeIgniter\CodeIgniter->run()
10 SYSTEMPATH\Boot.php(67): CodeIgniter\Boot::runCodeIgniter(Object(CodeIgniter\CodeIgniter))
11 FCPATH\index.php(56): CodeIgniter\Boot::bootWeb(Object(Config\Paths))
CRITICAL - 2024-12-12 06:57:44 --> ErrorException: Undefined variable $bundesland
[Method: GET, Route: tabulka]
in APPPATH\Views\tabulka.php on line 18.
 1 APPPATH\Views\tabulka.php(18): CodeIgniter\Debug\Exceptions->errorHandler(2, 'Undefined variable $bundesland', 'C:\\laragon\\www\\dvorak\\projektPocasi\\pocasi\\app\\Views\\tabulka.php', 18)
 2 SYSTEMPATH\View\View.php(234): include('C:\\laragon\\www\\dvorak\\projektPocasi\\pocasi\\app\\Views\\tabulka.php')
 3 SYSTEMPATH\View\View.php(237): CodeIgniter\View\View->CodeIgniter\View\{closure}()
 4 SYSTEMPATH\Common.php(1171): CodeIgniter\View\View->render('tabulka', [], true)
 5 APPPATH\Controllers\Main.php(16): view('tabulka')
 6 SYSTEMPATH\CodeIgniter.php(933): App\Controllers\Main->tabulka()
 7 SYSTEMPATH\CodeIgniter.php(509): CodeIgniter\CodeIgniter->runController(Object(App\Controllers\Main))
 8 SYSTEMPATH\CodeIgniter.php(355): CodeIgniter\CodeIgniter->handleRequest(null, Object(Config\Cache), false)
 9 SYSTEMPATH\Boot.php(325): CodeIgniter\CodeIgniter->run()
10 SYSTEMPATH\Boot.php(67): CodeIgniter\Boot::runCodeIgniter(Object(CodeIgniter\CodeIgniter))
11 FCPATH\index.php(56): CodeIgniter\Boot::bootWeb(Object(Config\Paths))
CRITICAL - 2024-12-12 06:57:44 --> ErrorException: Undefined variable $bundesland
[Method: GET, Route: tabulka]
in APPPATH\Views\tabulka.php on line 18.
 1 APPPATH\Views\tabulka.php(18): CodeIgniter\Debug\Exceptions->errorHandler(2, 'Undefined variable $bundesland', 'C:\\laragon\\www\\dvorak\\projektPocasi\\pocasi\\app\\Views\\tabulka.php', 18)
 2 SYSTEMPATH\View\View.php(234): include('C:\\laragon\\www\\dvorak\\projektPocasi\\pocasi\\app\\Views\\tabulka.php')
 3 SYSTEMPATH\View\View.php(237): CodeIgniter\View\View->CodeIgniter\View\{closure}()
 4 SYSTEMPATH\Common.php(1171): CodeIgniter\View\View->render('tabulka', [], true)
 5 APPPATH\Controllers\Main.php(16): view('tabulka')
 6 SYSTEMPATH\CodeIgniter.php(933): App\Controllers\Main->tabulka()
 7 SYSTEMPATH\CodeIgniter.php(509): CodeIgniter\CodeIgniter->runController(Object(App\Controllers\Main))
 8 SYSTEMPATH\CodeIgniter.php(355): CodeIgniter\CodeIgniter->handleRequest(null, Object(Config\Cache), false)
 9 SYSTEMPATH\Boot.php(325): CodeIgniter\CodeIgniter->run()
10 SYSTEMPATH\Boot.php(67): CodeIgniter\Boot::runCodeIgniter(Object(CodeIgniter\CodeIgniter))
11 FCPATH\index.php(56): CodeIgniter\Boot::bootWeb(Object(Config\Paths))
CRITICAL - 2024-12-12 06:57:45 --> ErrorException: Undefined variable $bundesland
[Method: GET, Route: tabulka]
in APPPATH\Views\tabulka.php on line 18.
 1 APPPATH\Views\tabulka.php(18): CodeIgniter\Debug\Exceptions->errorHandler(2, 'Undefined variable $bundesland', 'C:\\laragon\\www\\dvorak\\projektPocasi\\pocasi\\app\\Views\\tabulka.php', 18)
 2 SYSTEMPATH\View\View.php(234): include('C:\\laragon\\www\\dvorak\\projektPocasi\\pocasi\\app\\Views\\tabulka.php')
 3 SYSTEMPATH\View\View.php(237): CodeIgniter\View\View->CodeIgniter\View\{closure}()
 4 SYSTEMPATH\Common.php(1171): CodeIgniter\View\View->render('tabulka', [], true)
 5 APPPATH\Controllers\Main.php(16): view('tabulka')
 6 SYSTEMPATH\CodeIgniter.php(933): App\Controllers\Main->tabulka()
 7 SYSTEMPATH\CodeIgniter.php(509): CodeIgniter\CodeIgniter->runController(Object(App\Controllers\Main))
 8 SYSTEMPATH\CodeIgniter.php(355): CodeIgniter\CodeIgniter->handleRequest(null, Object(Config\Cache), false)
 9 SYSTEMPATH\Boot.php(325): CodeIgniter\CodeIgniter->run()
10 SYSTEMPATH\Boot.php(67): CodeIgniter\Boot::runCodeIgniter(Object(CodeIgniter\CodeIgniter))
11 FCPATH\index.php(56): CodeIgniter\Boot::bootWeb(Object(Config\Paths))
CRITICAL - 2024-12-12 06:57:45 --> ErrorException: Undefined variable $bundesland
[Method: GET, Route: tabulka]
in APPPATH\Views\tabulka.php on line 18.
 1 APPPATH\Views\tabulka.php(18): CodeIgniter\Debug\Exceptions->errorHandler(2, 'Undefined variable $bundesland', 'C:\\laragon\\www\\dvorak\\projektPocasi\\pocasi\\app\\Views\\tabulka.php', 18)
 2 SYSTEMPATH\View\View.php(234): include('C:\\laragon\\www\\dvorak\\projektPocasi\\pocasi\\app\\Views\\tabulka.php')
 3 SYSTEMPATH\View\View.php(237): CodeIgniter\View\View->CodeIgniter\View\{closure}()
 4 SYSTEMPATH\Common.php(1171): CodeIgniter\View\View->render('tabulka', [], true)
 5 APPPATH\Controllers\Main.php(16): view('tabulka')
 6 SYSTEMPATH\CodeIgniter.php(933): App\Controllers\Main->tabulka()
 7 SYSTEMPATH\CodeIgniter.php(509): CodeIgniter\CodeIgniter->runController(Object(App\Controllers\Main))
 8 SYSTEMPATH\CodeIgniter.php(355): CodeIgniter\CodeIgniter->handleRequest(null, Object(Config\Cache), false)
 9 SYSTEMPATH\Boot.php(325): CodeIgniter\CodeIgniter->run()
10 SYSTEMPATH\Boot.php(67): CodeIgniter\Boot::runCodeIgniter(Object(CodeIgniter\CodeIgniter))
11 FCPATH\index.php(56): CodeIgniter\Boot::bootWeb(Object(Config\Paths))
CRITICAL - 2024-12-12 07:06:18 --> CodeIgniter\View\Exceptions\ViewException: Invalid file: "hraci.php"
[Method: GET, Route: tabulka]
in SYSTEMPATH\Exceptions\FrameworkException.php on line 41.
 1 SYSTEMPATH\View\View.php(222): CodeIgniter\Exceptions\FrameworkException::forInvalidFile('hraci.php')
 2 SYSTEMPATH\Common.php(1171): CodeIgniter\View\View->render('hraci', [], true)
 3 APPPATH\Controllers\Main.php(23): view('hraci', [...])
 4 SYSTEMPATH\CodeIgniter.php(933): App\Controllers\Main->tabulka()
 5 SYSTEMPATH\CodeIgniter.php(509): CodeIgniter\CodeIgniter->runController(Object(App\Controllers\Main))
 6 SYSTEMPATH\CodeIgniter.php(355): CodeIgniter\CodeIgniter->handleRequest(null, Object(Config\Cache), false)
 7 SYSTEMPATH\Boot.php(325): CodeIgniter\CodeIgniter->run()
 8 SYSTEMPATH\Boot.php(67): CodeIgniter\Boot::runCodeIgniter(Object(CodeIgniter\CodeIgniter))
 9 FCPATH\index.php(56): CodeIgniter\Boot::bootWeb(Object(Config\Paths))
CRITICAL - 2024-12-12 07:07:05 --> ErrorException: Attempt to read property "jmeno" on array
[Method: GET, Route: tabulka]
in APPPATH\Views\tabulka.php on line 19.
 1 APPPATH\Views\tabulka.php(19): CodeIgniter\Debug\Exceptions->errorHandler(2, 'Attempt to read property "jmeno" on array', 'C:\\laragon\\www\\dvorak\\projektPocasi\\pocasi\\app\\Views\\tabulka.php', 19)
 2 SYSTEMPATH\View\View.php(234): include('C:\\laragon\\www\\dvorak\\projektPocasi\\pocasi\\app\\Views\\tabulka.php')
 3 SYSTEMPATH\View\View.php(237): CodeIgniter\View\View->CodeIgniter\View\{closure}()
 4 SYSTEMPATH\Common.php(1171): CodeIgniter\View\View->render('tabulka', [], true)
 5 APPPATH\Controllers\Main.php(23): view('tabulka', [...])
 6 SYSTEMPATH\CodeIgniter.php(933): App\Controllers\Main->tabulka()
 7 SYSTEMPATH\CodeIgniter.php(509): CodeIgniter\CodeIgniter->runController(Object(App\Controllers\Main))
 8 SYSTEMPATH\CodeIgniter.php(355): CodeIgniter\CodeIgniter->handleRequest(null, Object(Config\Cache), false)
 9 SYSTEMPATH\Boot.php(325): CodeIgniter\CodeIgniter->run()
10 SYSTEMPATH\Boot.php(67): CodeIgniter\Boot::runCodeIgniter(Object(CodeIgniter\CodeIgniter))
11 FCPATH\index.php(56): CodeIgniter\Boot::bootWeb(Object(Config\Paths))
CRITICAL - 2024-12-12 07:08:12 --> ErrorException: Attempt to read property "name" on array
[Method: GET, Route: tabulka]
in APPPATH\Views\tabulka.php on line 19.
 1 APPPATH\Views\tabulka.php(19): CodeIgniter\Debug\Exceptions->errorHandler(2, 'Attempt to read property "name" on array', 'C:\\laragon\\www\\dvorak\\projektPocasi\\pocasi\\app\\Views\\tabulka.php', 19)
 2 SYSTEMPATH\View\View.php(234): include('C:\\laragon\\www\\dvorak\\projektPocasi\\pocasi\\app\\Views\\tabulka.php')
 3 SYSTEMPATH\View\View.php(237): CodeIgniter\View\View->CodeIgniter\View\{closure}()
 4 SYSTEMPATH\Common.php(1171): CodeIgniter\View\View->render('tabulka', [], true)
 5 APPPATH\Controllers\Main.php(23): view('tabulka', [...])
 6 SYSTEMPATH\CodeIgniter.php(933): App\Controllers\Main->tabulka()
 7 SYSTEMPATH\CodeIgniter.php(509): CodeIgniter\CodeIgniter->runController(Object(App\Controllers\Main))
 8 SYSTEMPATH\CodeIgniter.php(355): CodeIgniter\CodeIgniter->handleRequest(null, Object(Config\Cache), false)
 9 SYSTEMPATH\Boot.php(325): CodeIgniter\CodeIgniter->run()
10 SYSTEMPATH\Boot.php(67): CodeIgniter\Boot::runCodeIgniter(Object(CodeIgniter\CodeIgniter))
11 FCPATH\index.php(56): CodeIgniter\Boot::bootWeb(Object(Config\Paths))
CRITICAL - 2024-12-12 07:08:13 --> ErrorException: Attempt to read property "name" on array
[Method: GET, Route: tabulka]
in APPPATH\Views\tabulka.php on line 19.
 1 APPPATH\Views\tabulka.php(19): CodeIgniter\Debug\Exceptions->errorHandler(2, 'Attempt to read property "name" on array', 'C:\\laragon\\www\\dvorak\\projektPocasi\\pocasi\\app\\Views\\tabulka.php', 19)
 2 SYSTEMPATH\View\View.php(234): include('C:\\laragon\\www\\dvorak\\projektPocasi\\pocasi\\app\\Views\\tabulka.php')
 3 SYSTEMPATH\View\View.php(237): CodeIgniter\View\View->CodeIgniter\View\{closure}()
 4 SYSTEMPATH\Common.php(1171): CodeIgniter\View\View->render('tabulka', [], true)
 5 APPPATH\Controllers\Main.php(23): view('tabulka', [...])
 6 SYSTEMPATH\CodeIgniter.php(933): App\Controllers\Main->tabulka()
 7 SYSTEMPATH\CodeIgniter.php(509): CodeIgniter\CodeIgniter->runController(Object(App\Controllers\Main))
 8 SYSTEMPATH\CodeIgniter.php(355): CodeIgniter\CodeIgniter->handleRequest(null, Object(Config\Cache), false)
 9 SYSTEMPATH\Boot.php(325): CodeIgniter\CodeIgniter->run()
10 SYSTEMPATH\Boot.php(67): CodeIgniter\Boot::runCodeIgniter(Object(CodeIgniter\CodeIgniter))
11 FCPATH\index.php(56): CodeIgniter\Boot::bootWeb(Object(Config\Paths))
CRITICAL - 2024-12-12 07:22:43 --> BadMethodCallException: Call to undefined method App\Models\Bundesland::orderByfindAll
[Method: GET, Route: tabulka]
in SYSTEMPATH\Model.php on line 932.
 1 APPPATH\Controllers\Main.php(21): CodeIgniter\Model->__call('orderByfindAll', [])
 2 SYSTEMPATH\CodeIgniter.php(933): App\Controllers\Main->tabulka()
 3 SYSTEMPATH\CodeIgniter.php(509): CodeIgniter\CodeIgniter->runController(Object(App\Controllers\Main))
 4 SYSTEMPATH\CodeIgniter.php(355): CodeIgniter\CodeIgniter->handleRequest(null, Object(Config\Cache), false)
 5 SYSTEMPATH\Boot.php(325): CodeIgniter\CodeIgniter->run()
 6 SYSTEMPATH\Boot.php(67): CodeIgniter\Boot::runCodeIgniter(Object(CodeIgniter\CodeIgniter))
 7 FCPATH\index.php(56): CodeIgniter\Boot::bootWeb(Object(Config\Paths))
CRITICAL - 2024-12-12 07:28:49 --> ParseError: syntax error, unexpected token "<"
[Method: GET, Route: tabulka]
in APPPATH\Views\tabulka.php on line 20.
 1 SYSTEMPATH\View\View.php(237): CodeIgniter\View\View->CodeIgniter\View\{closure}()
 2 SYSTEMPATH\Common.php(1171): CodeIgniter\View\View->render('tabulka', [], true)
 3 APPPATH\Controllers\Main.php(23): view('tabulka', [...])
 4 SYSTEMPATH\CodeIgniter.php(933): App\Controllers\Main->tabulka()
 5 SYSTEMPATH\CodeIgniter.php(509): CodeIgniter\CodeIgniter->runController(Object(App\Controllers\Main))
 6 SYSTEMPATH\CodeIgniter.php(355): CodeIgniter\CodeIgniter->handleRequest(null, Object(Config\Cache), false)
 7 SYSTEMPATH\Boot.php(325): CodeIgniter\CodeIgniter->run()
 8 SYSTEMPATH\Boot.php(67): CodeIgniter\Boot::runCodeIgniter(Object(CodeIgniter\CodeIgniter))
 9 FCPATH\index.php(56): CodeIgniter\Boot::bootWeb(Object(Config\Paths))
CRITICAL - 2024-12-12 07:29:34 --> ErrorException: Attempt to read property "id" on array
[Method: GET, Route: tabulka]
in APPPATH\Views\tabulka.php on line 20.
 1 APPPATH\Views\tabulka.php(20): CodeIgniter\Debug\Exceptions->errorHandler(2, 'Attempt to read property "id" on array', 'C:\\laragon\\www\\dvorak\\projektPocasi\\pocasi\\app\\Views\\tabulka.php', 20)
 2 SYSTEMPATH\View\View.php(234): include('C:\\laragon\\www\\dvorak\\projektPocasi\\pocasi\\app\\Views\\tabulka.php')
 3 SYSTEMPATH\View\View.php(237): CodeIgniter\View\View->CodeIgniter\View\{closure}()
 4 SYSTEMPATH\Common.php(1171): CodeIgniter\View\View->render('tabulka', [], true)
 5 APPPATH\Controllers\Main.php(23): view('tabulka', [...])
 6 SYSTEMPATH\CodeIgniter.php(933): App\Controllers\Main->tabulka()
 7 SYSTEMPATH\CodeIgniter.php(509): CodeIgniter\CodeIgniter->runController(Object(App\Controllers\Main))
 8 SYSTEMPATH\CodeIgniter.php(355): CodeIgniter\CodeIgniter->handleRequest(null, Object(Config\Cache), false)
 9 SYSTEMPATH\Boot.php(325): CodeIgniter\CodeIgniter->run()
10 SYSTEMPATH\Boot.php(67): CodeIgniter\Boot::runCodeIgniter(Object(CodeIgniter\CodeIgniter))
11 FCPATH\index.php(56): CodeIgniter\Boot::bootWeb(Object(Config\Paths))
